[000:000] Browser XEmbed support present: 1
[000:000] Browser toolkit is Gtk2.
[000:000] Using Gtk2 toolkit
[000:025] Starting client channel.
[000:026] Warning(clientchannel.cc:435): Unreadable or no port file.  Could not initiate GoogleTalkPlugin connection
[000:027] Warning(clientchannel.cc:410): Could not initiate GoogleTalkPlugin connection
[000:027] GoogleTalkPlugin not running. Starting new process...
[000:027] Warning(optionsfile.cc:47): Load: Could not open file, err=2
[000:027] Warning(pluginutils.cc:267): Failed to get GoogleTalkPlugin path. Trying default.
[000:030] Started GoogleTalkPlugin, path=/opt/google/talkplugin/GoogleTalkPlugin
[000:031] Waiting for GoogleTalkPlugin to start...
[001:104] Attempting to connect to GoogleTalkPlugin...
[001:104] Read port file, port=60009
[001:115] Initiated connection to GoogleTalkPlugin
[001:213] Socket connection established
[001:213] ScheduleOnlineCheck: Online check in 5000ms
[001:305] Got cookie response, socket is authorized
[001:305] AUTHORIZED; socket handshake complete
[006:215] HandleOnlineCheck: Starting check
[006:216] HandleOnlineCheck: OK; current state: 3
