# OS:
#   update xcode
#   homebrew
#   defaults -currentHost write -globalDomain AppleFontSmoothing -int 2
# git
# Arcanist
#   somewhere/ $ git clone git://github.com/facebook/libphutil.git
#   somewhere/ $ git clone git://github.com/facebook/arcanist.git
#   export PATH="$PATH:/somewhere/arcanist/bin/"
# config
#   .ssh/config
#   .ssh/id-rsa, id-rsa.pub
# zsh, oh-my-zsh
#
# Ruby
#   ruby-1.9
#   http://ruby-china.org/topics/4787
#   $ curl -L https://get.rvm.io | bash -s stable --ruby
#   $ rvm install 1.9.3
#   $ rvm use 1.9.3
#   $ rvm docs generate-ri
#   irb config
#
# Java
#   eclipse, theme, eclipse-mvn-plugin
#   brew uninstall maven
#   brew install maven2
#
# Browser
#   chrome: for office env
#       office: mail, snippets, code-review(phab), jenkins(2), Asana, hipchat
#       dev: delicious-rcmd, ...
#     plugins: json-view, proxy
#   hipchat:
#
#   firefox:
#       work/edu
#       news/rsrc
#       learn
#       biz
#       test: for plug-in testing

